
*** Running vivado
    with args -log NTTN_test.vds -m64 -product Vivado -mode batch -messageDb vivado.pb -notrace -source NTTN_test.tcl



****** Vivado v2021.1 (64-bit)
  **** SW Build 3247384 on Thu Jun 10 19:36:33 MDT 2021
  **** IP Build 3246043 on Fri Jun 11 00:30:35 MDT 2021
    ** Copyright 1986-2021 Xilinx, Inc. All Rights Reserved.

source NTTN_test.tcl -notrace
Command: synth_design -top NTTN_test -part xc7a35tcsg324-1
Starting synth_design
Attempting to get a license for feature 'Synthesis' and/or device 'xc7a35t'
INFO: [Common 17-349] Got license for feature 'Synthesis' and/or device 'xc7a35t'
INFO: [Synth 8-7079] Multithreading enabled for synth_design using a maximum of 2 processes.
INFO: [Synth 8-7078] Launching helper process for spawning children vivado processes
INFO: [Synth 8-7075] Helper process launched with PID 31304
---------------------------------------------------------------------------------
Starting Synthesize : Time (s): cpu = 00:00:01 ; elapsed = 00:00:02 . Memory (MB): peak = 1256.715 ; gain = 0.000
---------------------------------------------------------------------------------
INFO: [Synth 8-6157] synthesizing module 'NTTN_test' [E:/github/parametric-ntt/NTTN_test.v:19]
CRITICAL WARNING: [Synth 8-4445] could not open $readmem data file 'test/PARAM.txt'; please make sure the file is added to project and has read permission, ignoring [E:/github/parametric-ntt/NTTN_test.v:49]
CRITICAL WARNING: [Synth 8-4445] could not open $readmem data file 'test/W.txt'; please make sure the file is added to project and has read permission, ignoring [E:/github/parametric-ntt/NTTN_test.v:50]
CRITICAL WARNING: [Synth 8-4445] could not open $readmem data file 'test/WINV.txt'; please make sure the file is added to project and has read permission, ignoring [E:/github/parametric-ntt/NTTN_test.v:51]
CRITICAL WARNING: [Synth 8-4445] could not open $readmem data file 'test/NTT_DIN.txt'; please make sure the file is added to project and has read permission, ignoring [E:/github/parametric-ntt/NTTN_test.v:52]
CRITICAL WARNING: [Synth 8-4445] could not open $readmem data file 'test/NTT_DOUT.txt'; please make sure the file is added to project and has read permission, ignoring [E:/github/parametric-ntt/NTTN_test.v:53]
CRITICAL WARNING: [Synth 8-4445] could not open $readmem data file 'test/INTT_DIN.txt'; please make sure the file is added to project and has read permission, ignoring [E:/github/parametric-ntt/NTTN_test.v:54]
CRITICAL WARNING: [Synth 8-4445] could not open $readmem data file 'test/INTT_DOUT.txt'; please make sure the file is added to project and has read permission, ignoring [E:/github/parametric-ntt/NTTN_test.v:55]
WARNING: [Synth 8-311] ignoring non-constant assignment in initial block [E:/github/parametric-ntt/NTTN_test.v:91]
WARNING: [Synth 8-311] ignoring non-constant assignment in initial block [E:/github/parametric-ntt/NTTN_test.v:91]
WARNING: [Synth 8-311] ignoring non-constant assignment in initial block [E:/github/parametric-ntt/NTTN_test.v:91]
WARNING: [Synth 8-311] ignoring non-constant assignment in initial block [E:/github/parametric-ntt/NTTN_test.v:91]
WARNING: [Synth 8-311] ignoring non-constant assignment in initial block [E:/github/parametric-ntt/NTTN_test.v:91]
WARNING: [Synth 8-311] ignoring non-constant assignment in initial block [E:/github/parametric-ntt/NTTN_test.v:91]
WARNING: [Synth 8-311] ignoring non-constant assignment in initial block [E:/github/parametric-ntt/NTTN_test.v:91]
WARNING: [Synth 8-311] ignoring non-constant assignment in initial block [E:/github/parametric-ntt/NTTN_test.v:91]
WARNING: [Synth 8-311] ignoring non-constant assignment in initial block [E:/github/parametric-ntt/NTTN_test.v:91]
WARNING: [Synth 8-311] ignoring non-constant assignment in initial block [E:/github/parametric-ntt/NTTN_test.v:91]
WARNING: [Synth 8-311] ignoring non-constant assignment in initial block [E:/github/parametric-ntt/NTTN_test.v:91]
WARNING: [Synth 8-311] ignoring non-constant assignment in initial block [E:/github/parametric-ntt/NTTN_test.v:91]
WARNING: [Synth 8-311] ignoring non-constant assignment in initial block [E:/github/parametric-ntt/NTTN_test.v:91]
WARNING: [Synth 8-311] ignoring non-constant assignment in initial block [E:/github/parametric-ntt/NTTN_test.v:91]
WARNING: [Synth 8-311] ignoring non-constant assignment in initial block [E:/github/parametric-ntt/NTTN_test.v:91]
WARNING: [Synth 8-311] ignoring non-constant assignment in initial block [E:/github/parametric-ntt/NTTN_test.v:91]
WARNING: [Synth 8-311] ignoring non-constant assignment in initial block [E:/github/parametric-ntt/NTTN_test.v:91]
WARNING: [Synth 8-311] ignoring non-constant assignment in initial block [E:/github/parametric-ntt/NTTN_test.v:91]
WARNING: [Synth 8-311] ignoring non-constant assignment in initial block [E:/github/parametric-ntt/NTTN_test.v:91]
WARNING: [Synth 8-311] ignoring non-constant assignment in initial block [E:/github/parametric-ntt/NTTN_test.v:91]
WARNING: [Synth 8-311] ignoring non-constant assignment in initial block [E:/github/parametric-ntt/NTTN_test.v:91]
WARNING: [Synth 8-311] ignoring non-constant assignment in initial block [E:/github/parametric-ntt/NTTN_test.v:91]
WARNING: [Synth 8-311] ignoring non-constant assignment in initial block [E:/github/parametric-ntt/NTTN_test.v:91]
WARNING: [Synth 8-311] ignoring non-constant assignment in initial block [E:/github/parametric-ntt/NTTN_test.v:91]
WARNING: [Synth 8-311] ignoring non-constant assignment in initial block [E:/github/parametric-ntt/NTTN_test.v:91]
WARNING: [Synth 8-311] ignoring non-constant assignment in initial block [E:/github/parametric-ntt/NTTN_test.v:91]
WARNING: [Synth 8-311] ignoring non-constant assignment in initial block [E:/github/parametric-ntt/NTTN_test.v:91]
WARNING: [Synth 8-311] ignoring non-constant assignment in initial block [E:/github/parametric-ntt/NTTN_test.v:91]
WARNING: [Synth 8-311] ignoring non-constant assignment in initial block [E:/github/parametric-ntt/NTTN_test.v:91]
WARNING: [Synth 8-311] ignoring non-constant assignment in initial block [E:/github/parametric-ntt/NTTN_test.v:91]
WARNING: [Synth 8-311] ignoring non-constant assignment in initial block [E:/github/parametric-ntt/NTTN_test.v:91]
WARNING: [Synth 8-311] ignoring non-constant assignment in initial block [E:/github/parametric-ntt/NTTN_test.v:91]
WARNING: [Synth 8-311] ignoring non-constant assignment in initial block [E:/github/parametric-ntt/NTTN_test.v:91]
WARNING: [Synth 8-311] ignoring non-constant assignment in initial block [E:/github/parametric-ntt/NTTN_test.v:91]
WARNING: [Synth 8-311] ignoring non-constant assignment in initial block [E:/github/parametric-ntt/NTTN_test.v:91]
WARNING: [Synth 8-311] ignoring non-constant assignment in initial block [E:/github/parametric-ntt/NTTN_test.v:91]
WARNING: [Synth 8-311] ignoring non-constant assignment in initial block [E:/github/parametric-ntt/NTTN_test.v:91]
WARNING: [Synth 8-311] ignoring non-constant assignment in initial block [E:/github/parametric-ntt/NTTN_test.v:91]
WARNING: [Synth 8-311] ignoring non-constant assignment in initial block [E:/github/parametric-ntt/NTTN_test.v:91]
WARNING: [Synth 8-311] ignoring non-constant assignment in initial block [E:/github/parametric-ntt/NTTN_test.v:91]
WARNING: [Synth 8-311] ignoring non-constant assignment in initial block [E:/github/parametric-ntt/NTTN_test.v:91]
WARNING: [Synth 8-311] ignoring non-constant assignment in initial block [E:/github/parametric-ntt/NTTN_test.v:91]
WARNING: [Synth 8-311] ignoring non-constant assignment in initial block [E:/github/parametric-ntt/NTTN_test.v:91]
WARNING: [Synth 8-311] ignoring non-constant assignment in initial block [E:/github/parametric-ntt/NTTN_test.v:91]
WARNING: [Synth 8-311] ignoring non-constant assignment in initial block [E:/github/parametric-ntt/NTTN_test.v:91]
WARNING: [Synth 8-311] ignoring non-constant assignment in initial block [E:/github/parametric-ntt/NTTN_test.v:91]
WARNING: [Synth 8-311] ignoring non-constant assignment in initial block [E:/github/parametric-ntt/NTTN_test.v:91]
WARNING: [Synth 8-311] ignoring non-constant assignment in initial block [E:/github/parametric-ntt/NTTN_test.v:91]
WARNING: [Synth 8-311] ignoring non-constant assignment in initial block [E:/github/parametric-ntt/NTTN_test.v:91]
WARNING: [Synth 8-311] ignoring non-constant assignment in initial block [E:/github/parametric-ntt/NTTN_test.v:91]
WARNING: [Synth 8-311] ignoring non-constant assignment in initial block [E:/github/parametric-ntt/NTTN_test.v:91]
WARNING: [Synth 8-311] ignoring non-constant assignment in initial block [E:/github/parametric-ntt/NTTN_test.v:91]
WARNING: [Synth 8-311] ignoring non-constant assignment in initial block [E:/github/parametric-ntt/NTTN_test.v:91]
WARNING: [Synth 8-311] ignoring non-constant assignment in initial block [E:/github/parametric-ntt/NTTN_test.v:91]
WARNING: [Synth 8-311] ignoring non-constant assignment in initial block [E:/github/parametric-ntt/NTTN_test.v:91]
WARNING: [Synth 8-311] ignoring non-constant assignment in initial block [E:/github/parametric-ntt/NTTN_test.v:91]
WARNING: [Synth 8-311] ignoring non-constant assignment in initial block [E:/github/parametric-ntt/NTTN_test.v:91]
WARNING: [Synth 8-311] ignoring non-constant assignment in initial block [E:/github/parametric-ntt/NTTN_test.v:91]
WARNING: [Synth 8-311] ignoring non-constant assignment in initial block [E:/github/parametric-ntt/NTTN_test.v:91]
WARNING: [Synth 8-311] ignoring non-constant assignment in initial block [E:/github/parametric-ntt/NTTN_test.v:91]
WARNING: [Synth 8-311] ignoring non-constant assignment in initial block [E:/github/parametric-ntt/NTTN_test.v:91]
WARNING: [Synth 8-311] ignoring non-constant assignment in initial block [E:/github/parametric-ntt/NTTN_test.v:91]
WARNING: [Synth 8-311] ignoring non-constant assignment in initial block [E:/github/parametric-ntt/NTTN_test.v:91]
WARNING: [Synth 8-311] ignoring non-constant assignment in initial block [E:/github/parametric-ntt/NTTN_test.v:91]
WARNING: [Synth 8-311] ignoring non-constant assignment in initial block [E:/github/parametric-ntt/NTTN_test.v:91]
WARNING: [Synth 8-311] ignoring non-constant assignment in initial block [E:/github/parametric-ntt/NTTN_test.v:91]
WARNING: [Synth 8-311] ignoring non-constant assignment in initial block [E:/github/parametric-ntt/NTTN_test.v:91]
WARNING: [Synth 8-311] ignoring non-constant assignment in initial block [E:/github/parametric-ntt/NTTN_test.v:91]
WARNING: [Synth 8-311] ignoring non-constant assignment in initial block [E:/github/parametric-ntt/NTTN_test.v:91]
WARNING: [Synth 8-311] ignoring non-constant assignment in initial block [E:/github/parametric-ntt/NTTN_test.v:91]
WARNING: [Synth 8-311] ignoring non-constant assignment in initial block [E:/github/parametric-ntt/NTTN_test.v:91]
WARNING: [Synth 8-311] ignoring non-constant assignment in initial block [E:/github/parametric-ntt/NTTN_test.v:91]
WARNING: [Synth 8-311] ignoring non-constant assignment in initial block [E:/github/parametric-ntt/NTTN_test.v:91]
WARNING: [Synth 8-311] ignoring non-constant assignment in initial block [E:/github/parametric-ntt/NTTN_test.v:91]
WARNING: [Synth 8-311] ignoring non-constant assignment in initial block [E:/github/parametric-ntt/NTTN_test.v:91]
WARNING: [Synth 8-311] ignoring non-constant assignment in initial block [E:/github/parametric-ntt/NTTN_test.v:91]
WARNING: [Synth 8-311] ignoring non-constant assignment in initial block [E:/github/parametric-ntt/NTTN_test.v:91]
WARNING: [Synth 8-311] ignoring non-constant assignment in initial block [E:/github/parametric-ntt/NTTN_test.v:91]
WARNING: [Synth 8-311] ignoring non-constant assignment in initial block [E:/github/parametric-ntt/NTTN_test.v:91]
WARNING: [Synth 8-311] ignoring non-constant assignment in initial block [E:/github/parametric-ntt/NTTN_test.v:91]
WARNING: [Synth 8-311] ignoring non-constant assignment in initial block [E:/github/parametric-ntt/NTTN_test.v:91]
WARNING: [Synth 8-311] ignoring non-constant assignment in initial block [E:/github/parametric-ntt/NTTN_test.v:91]
WARNING: [Synth 8-311] ignoring non-constant assignment in initial block [E:/github/parametric-ntt/NTTN_test.v:91]
WARNING: [Synth 8-311] ignoring non-constant assignment in initial block [E:/github/parametric-ntt/NTTN_test.v:91]
WARNING: [Synth 8-311] ignoring non-constant assignment in initial block [E:/github/parametric-ntt/NTTN_test.v:91]
WARNING: [Synth 8-311] ignoring non-constant assignment in initial block [E:/github/parametric-ntt/NTTN_test.v:91]
WARNING: [Synth 8-311] ignoring non-constant assignment in initial block [E:/github/parametric-ntt/NTTN_test.v:91]
WARNING: [Synth 8-311] ignoring non-constant assignment in initial block [E:/github/parametric-ntt/NTTN_test.v:91]
WARNING: [Synth 8-311] ignoring non-constant assignment in initial block [E:/github/parametric-ntt/NTTN_test.v:91]
WARNING: [Synth 8-311] ignoring non-constant assignment in initial block [E:/github/parametric-ntt/NTTN_test.v:91]
WARNING: [Synth 8-311] ignoring non-constant assignment in initial block [E:/github/parametric-ntt/NTTN_test.v:91]
WARNING: [Synth 8-311] ignoring non-constant assignment in initial block [E:/github/parametric-ntt/NTTN_test.v:91]
WARNING: [Synth 8-311] ignoring non-constant assignment in initial block [E:/github/parametric-ntt/NTTN_test.v:91]
WARNING: [Synth 8-311] ignoring non-constant assignment in initial block [E:/github/parametric-ntt/NTTN_test.v:91]
WARNING: [Synth 8-311] ignoring non-constant assignment in initial block [E:/github/parametric-ntt/NTTN_test.v:91]
WARNING: [Synth 8-311] ignoring non-constant assignment in initial block [E:/github/parametric-ntt/NTTN_test.v:91]
WARNING: [Synth 8-311] ignoring non-constant assignment in initial block [E:/github/parametric-ntt/NTTN_test.v:91]
WARNING: [Synth 8-311] ignoring non-constant assignment in initial block [E:/github/parametric-ntt/NTTN_test.v:91]
WARNING: [Synth 8-311] ignoring non-constant assignment in initial block [E:/github/parametric-ntt/NTTN_test.v:91]
WARNING: [Synth 8-311] ignoring non-constant assignment in initial block [E:/github/parametric-ntt/NTTN_test.v:91]
INFO: [Common 17-14] Message 'Synth 8-311' appears 100 times and further instances of the messages will be disabled. Use the Tcl command set_msg_config to change the current settings.
ERROR: [Synth 8-3380] loop condition does not converge after 2000 iterations [E:/github/parametric-ntt/NTTN_test.v:123]
ERROR: [Synth 8-6156] failed synthesizing module 'NTTN_test' [E:/github/parametric-ntt/NTTN_test.v:19]
---------------------------------------------------------------------------------
Finished Synthesize : Time (s): cpu = 00:00:02 ; elapsed = 00:00:12 . Memory (MB): peak = 3182.754 ; gain = 1926.039
---------------------------------------------------------------------------------
synthesize failed
INFO: [Common 17-83] Releasing license: Synthesis
7 Infos, 100 Warnings, 7 Critical Warnings and 3 Errors encountered.
synth_design failed
ERROR: [Common 17-69] Command failed: Vivado Synthesis failed
INFO: [Common 17-206] Exiting Vivado at Tue Aug 29 04:10:04 2023...
